  sudokuTable.cpp
C:\Users\natan\Desktop\SudokuSolver\SudokuSolverC-\SudokuSolver\SudokuSolver\sudokuTable.cpp(428): warning C4715: 'verificarMapaCompleto': nem todos os caminhos de controle retornam um valor
LINK : warning LNK4075: ignorando '/INCREMENTAL' devido a especificação '/FORCE'
sudokuTable.obj : warning LNK4006: "int __cdecl apagarValorNaBox(struct ConjuntoDeCandidatos *,int)" (?apagarValorNaBox@@YAHPEAUConjuntoDeCandidatos@@H@Z) já definido no mapaDeCalor.obj; segunda definição ignorada
sudokuTable.obj : warning LNK4006: "bool __cdecl candidatoSozinho(struct TabelaSudoku *)" (?candidatoSozinho@@YA_NPEAUTabelaSudoku@@@Z) já definido no mapaDeCalor.obj; segunda definição ignorada
sudokuTable.obj : warning LNK4006: "struct TabelaSudoku __cdecl gerarTabelaSudoku(struct Sudoku *)" (?gerarTabelaSudoku@@YA?AUTabelaSudoku@@PEAUSudoku@@@Z) já definido no mapaDeCalor.obj; segunda definição ignorada
sudokuTable.obj : warning LNK4006: "int __cdecl getInicioQuadrado(int)" (?getInicioQuadrado@@YAHH@Z) já definido no mapaDeCalor.obj; segunda definição ignorada
sudokuTable.obj : warning LNK4006: "void __cdecl imprimirContadorVet(struct ContadorDeNumeros * const)" (?imprimirContadorVet@@YAXQEAUContadorDeNumeros@@@Z) já definido no mapaDeCalor.obj; segunda definição ignorada
sudokuTable.obj : warning LNK4006: "void __cdecl imprimirMatriz(struct Sudoku *)" (?imprimirMatriz@@YAXPEAUSudoku@@@Z) já definido no mapaDeCalor.obj; segunda definição ignorada
sudokuTable.obj : warning LNK4006: "void __cdecl imprimirTabelaBoxes(struct TabelaSudoku *)" (?imprimirTabelaBoxes@@YAXPEAUTabelaSudoku@@@Z) já definido no mapaDeCalor.obj; segunda definição ignorada
sudokuTable.obj : warning LNK4006: "bool __cdecl setValorNaBox(struct ConjuntoDeCandidatos *,int)" (?setValorNaBox@@YA_NPEAUConjuntoDeCandidatos@@H@Z) já definido no mapaDeCalor.obj; segunda definição ignorada
sudokuTable.obj : warning LNK4006: "bool __cdecl setValorNaTabela(struct TabelaSudoku *,int,int,int)" (?setValorNaTabela@@YA_NPEAUTabelaSudoku@@HHH@Z) já definido no mapaDeCalor.obj; segunda definição ignorada
sudokuTable.obj : warning LNK4006: "struct ContadorDeNumeros __cdecl verificarNumeroSozinho(struct TabelaSudoku *,struct ContadorDeNumeros * const)" (?verificarNumeroSozinho@@YA?AUContadorDeNumeros@@PEAUTabelaSudoku@@QEAU1@@Z) já definido no mapaDeCalor.obj; segunda definição ignorada
sudokuTable.obj : warning LNK4006: "void __cdecl zerarContador(struct ContadorDeNumeros *)" (?zerarContador@@YAXPEAUContadorDeNumeros@@@Z) já definido no mapaDeCalor.obj; segunda definição ignorada
SudokuSolver.obj : warning LNK4006: "void __cdecl analizarMapa(struct MapaCalor *)" (?analizarMapa@@YAXPEAUMapaCalor@@@Z) já definido no mapaDeCalor.obj; segunda definição ignorada
SudokuSolver.obj : warning LNK4006: "int __cdecl apagarValorNaBox(struct ConjuntoDeCandidatos *,int)" (?apagarValorNaBox@@YAHPEAUConjuntoDeCandidatos@@H@Z) já definido no mapaDeCalor.obj; segunda definição ignorada
SudokuSolver.obj : warning LNK4006: "void __cdecl calcularCalorDaBox(struct MapaCalor *,struct BoxValorCalor *)" (?calcularCalorDaBox@@YAXPEAUMapaCalor@@PEAUBoxValorCalor@@@Z) já definido no mapaDeCalor.obj; segunda definição ignorada
SudokuSolver.obj : warning LNK4006: "bool __cdecl candidatoSozinho(struct TabelaSudoku *)" (?candidatoSozinho@@YA_NPEAUTabelaSudoku@@@Z) já definido no mapaDeCalor.obj; segunda definição ignorada
SudokuSolver.obj : warning LNK4006: "struct TabelaSudoku __cdecl gerarTabelaSudoku(struct Sudoku *)" (?gerarTabelaSudoku@@YA?AUTabelaSudoku@@PEAUSudoku@@@Z) já definido no mapaDeCalor.obj; segunda definição ignorada
SudokuSolver.obj : warning LNK4006: "int __cdecl getCalorTotal(struct ValorCalor *)" (?getCalorTotal@@YAHPEAUValorCalor@@@Z) já definido no mapaDeCalor.obj; segunda definição ignorada
SudokuSolver.obj : warning LNK4006: "int __cdecl getInicioQuadrado(int)" (?getInicioQuadrado@@YAHH@Z) já definido no mapaDeCalor.obj; segunda definição ignorada
SudokuSolver.obj : warning LNK4006: "struct MapaCalor __cdecl getMapaCalor(struct TabelaSudoku *)" (?getMapaCalor@@YA?AUMapaCalor@@PEAUTabelaSudoku@@@Z) já definido no mapaDeCalor.obj; segunda definição ignorada
SudokuSolver.obj : warning LNK4006: "int __cdecl getQtdCelulasComMaisDeUmCandidato(struct TabelaSudoku *)" (?getQtdCelulasComMaisDeUmCandidato@@YAHPEAUTabelaSudoku@@@Z) já definido no mapaDeCalor.obj; segunda definição ignorada
SudokuSolver.obj : warning LNK4006: "struct ValorCalor * __cdecl getVetorValorCalor(struct ConjuntoDeCandidatos *)" (?getVetorValorCalor@@YAPEAUValorCalor@@PEAUConjuntoDeCandidatos@@@Z) já definido no mapaDeCalor.obj; segunda definição ignorada
SudokuSolver.obj : warning LNK4006: "void __cdecl imprimirContadorVet(struct ContadorDeNumeros * const)" (?imprimirContadorVet@@YAXQEAUContadorDeNumeros@@@Z) já definido no mapaDeCalor.obj; segunda definição ignorada
SudokuSolver.obj : warning LNK4006: "void __cdecl imprimirMapaCalor(struct MapaCalor *)" (?imprimirMapaCalor@@YAXPEAUMapaCalor@@@Z) já definido no mapaDeCalor.obj; segunda definição ignorada
SudokuSolver.obj : warning LNK4006: "void __cdecl imprimirMatriz(struct Sudoku *)" (?imprimirMatriz@@YAXPEAUSudoku@@@Z) já definido no mapaDeCalor.obj; segunda definição ignorada
SudokuSolver.obj : warning LNK4006: "void __cdecl imprimirTabelaBoxes(struct TabelaSudoku *)" (?imprimirTabelaBoxes@@YAXPEAUTabelaSudoku@@@Z) já definido no mapaDeCalor.obj; segunda definição ignorada
SudokuSolver.obj : warning LNK4006: "bool __cdecl mesmaColuna(struct BoxValorCalor,struct BoxValorCalor)" (?mesmaColuna@@YA_NUBoxValorCalor@@0@Z) já definido no mapaDeCalor.obj; segunda definição ignorada
SudokuSolver.obj : warning LNK4006: "bool __cdecl mesmaLinha(struct BoxValorCalor,struct BoxValorCalor)" (?mesmaLinha@@YA_NUBoxValorCalor@@0@Z) já definido no mapaDeCalor.obj; segunda definição ignorada
SudokuSolver.obj : warning LNK4006: "bool __cdecl mesmoQuadrado(struct BoxValorCalor,struct BoxValorCalor)" (?mesmoQuadrado@@YA_NUBoxValorCalor@@0@Z) já definido no mapaDeCalor.obj; segunda definição ignorada
SudokuSolver.obj : warning LNK4006: "bool __cdecl setValorNaBox(struct ConjuntoDeCandidatos *,int)" (?setValorNaBox@@YA_NPEAUConjuntoDeCandidatos@@H@Z) já definido no mapaDeCalor.obj; segunda definição ignorada
SudokuSolver.obj : warning LNK4006: "bool __cdecl setValorNaTabela(struct TabelaSudoku *,int,int,int)" (?setValorNaTabela@@YA_NPEAUTabelaSudoku@@HHH@Z) já definido no mapaDeCalor.obj; segunda definição ignorada
SudokuSolver.obj : warning LNK4006: "int __cdecl verificarColunaCompleta(struct Sudoku *,int)" (?verificarColunaCompleta@@YAHPEAUSudoku@@H@Z) já definido no sudokuTable.obj; segunda definição ignorada
SudokuSolver.obj : warning LNK4006: "int __cdecl verificarLinhaCompleta(struct Sudoku *,int)" (?verificarLinhaCompleta@@YAHPEAUSudoku@@H@Z) já definido no sudokuTable.obj; segunda definição ignorada
SudokuSolver.obj : warning LNK4006: "int __cdecl verificarMapaCompleto(struct Sudoku *)" (?verificarMapaCompleto@@YAHPEAUSudoku@@@Z) já definido no sudokuTable.obj; segunda definição ignorada
SudokuSolver.obj : warning LNK4006: "struct ContadorDeNumeros __cdecl verificarNumeroSozinho(struct TabelaSudoku *,struct ContadorDeNumeros * const)" (?verificarNumeroSozinho@@YA?AUContadorDeNumeros@@PEAUTabelaSudoku@@QEAU1@@Z) já definido no mapaDeCalor.obj; segunda definição ignorada
SudokuSolver.obj : warning LNK4006: "void __cdecl zerarContador(struct ContadorDeNumeros *)" (?zerarContador@@YAXPEAUContadorDeNumeros@@@Z) já definido no mapaDeCalor.obj; segunda definição ignorada
SudokuSolver.obj : warning LNK4006: "void __cdecl zerarVetor9(int * const)" (?zerarVetor9@@YAXQEAH@Z) já definido no sudokuTable.obj; segunda definição ignorada
util.obj : warning LNK4006: "int __cdecl getInicioQuadrado(int)" (?getInicioQuadrado@@YAHH@Z) já definido no mapaDeCalor.obj; segunda definição ignorada
C:\Users\natan\Desktop\SudokuSolver\SudokuSolverC-\SudokuSolver\x64\Debug\SudokuSolver.exe : warning LNK4088: imagem sendo gerada devido a opção /FORCE; imagem não pode ser executada
  SudokuSolver.vcxproj -> C:\Users\natan\Desktop\SudokuSolver\SudokuSolverC-\SudokuSolver\x64\Debug\SudokuSolver.exe
